<?xml version="1.0" encoding="UTF-8"?>
<!-- Generated by org.testng.reporters.JUnitXMLReporter -->
<testsuite hostname="PF1QDEC8" ignored="15" name="DashTest" tests="1" failures="1" timestamp="15 Jan 2020 20:31:14 GMT" time="43.961" errors="0">
  <testcase name="validateStoreElementShopcomField" time="38.793" classname="com.projects.templates.testCases.TC_StoreTemplatesPageTest_002">
    <failure type="org.openqa.selenium.NoSuchElementException" message="no such element: Unable to locate element: {&amp;quot;method&amp;quot;:&amp;quot;xpath&amp;quot;,&amp;quot;selector&amp;quot;:&amp;quot;//div[starts-with(@id,&amp;apos;grid_criteria_Fields_grid_row_&amp;apos;) and text()=&amp;apos;Add&amp;apos;]&amp;quot;}
  (Session info: chrome=79.0.3945.117)
  (Driver info: chromedriver=2.43.600210 (68dcf5eebde37173d4027fa8635e332711d2874a),platform=Windows NT 10.0.17763 x86_64) (WARNING: The server did not provide any stacktrace information)
Command duration or timeout: 0 milliseconds
For documentation on this error, please visit: http://seleniumhq.org/exceptions/no_such_element.html
Build info: version: &amp;apos;3.141.5&amp;apos;, revision: &amp;apos;d54ebd709a&amp;apos;, time: &amp;apos;2018-11-06T11:42:16&amp;apos;
System info: host: &amp;apos;PF1QDEC8&amp;apos;, ip: &amp;apos;10.99.97.124&amp;apos;, os.name: &amp;apos;Windows 10&amp;apos;, os.arch: &amp;apos;amd64&amp;apos;, os.version: &amp;apos;10.0&amp;apos;, java.version: &amp;apos;1.8.0_202&amp;apos;
Driver info: org.openqa.selenium.chrome.ChromeDriver
Capabilities {acceptInsecureCerts: false, acceptSslCerts: false, applicationCacheEnabled: false, browserConnectionEnabled: false, browserName: chrome, chrome: {chromedriverVersion: 2.43.600210 (68dcf5eebde371..., userDataDir: C:\Users\MOHAMM~1.PAR\AppDa...}, cssSelectorsEnabled: true, databaseEnabled: false, goog:chromeOptions: {debuggerAddress: localhost:50874}, handlesAlerts: true, hasTouchScreen: false, javascriptEnabled: true, locationContextEnabled: true, mobileEmulationEnabled: false, nativeEvents: true, networkConnectionEnabled: false, pageLoadStrategy: normal, platform: XP, platformName: XP, rotatable: false, setWindowRect: true, takesHeapSnapshot: true, takesScreenshot: true, unexpectedAlertBehaviour: , unhandledPromptBehavior: , version: 79.0.3945.117, webStorageEnabled: true}
Session ID: 54e6697ff2d85b60ea08bddb69b131c8
*** Element info: {Using=xpath, value=//div[starts-with(@id,&amp;apos;grid_criteria_Fields_grid_row_&amp;apos;) and text()=&amp;apos;Add&amp;apos;]}">
      <![CDATA[org.openqa.selenium.NoSuchElementException: no such element: Unable to locate element: {"method":"xpath","selector":"//div[starts-with(@id,'grid_criteria_Fields_grid_row_') and text()='Add']"}  (Session info: chrome=79.0.3945.117)  (Driver info: chromedriver=2.43.600210 (68dcf5eebde37173d4027fa8635e332711d2874a),platform=Windows NT 10.0.17763 x86_64) (WARNING: The server did not provide any stacktrace information)Command duration or timeout: 0 millisecondsFor documentation on this error, please visit: http://seleniumhq.org/exceptions/no_such_element.htmlBuild info: version: '3.141.5', revision: 'd54ebd709a', time: '2018-11-06T11:42:16'System info: host: 'PF1QDEC8', ip: '10.99.97.124', os.name: 'Windows 10', os.arch: 'amd64', os.version: '10.0', java.version: '1.8.0_202'Driver info: org.openqa.selenium.chrome.ChromeDriverCapabilities {acceptInsecureCerts: false, acceptSslCerts: false, applicationCacheEnabled: false, browserConnectionEnabled: false, browserName: chrome, chrome: {chromedriverVersion: 2.43.600210 (68dcf5eebde371..., userDataDir: C:\Users\MOHAMM~1.PAR\AppDa...}, cssSelectorsEnabled: true, databaseEnabled: false, goog:chromeOptions: {debuggerAddress: localhost:50874}, handlesAlerts: true, hasTouchScreen: false, javascriptEnabled: true, locationContextEnabled: true, mobileEmulationEnabled: false, nativeEvents: true, networkConnectionEnabled: false, pageLoadStrategy: normal, platform: XP, platformName: XP, rotatable: false, setWindowRect: true, takesHeapSnapshot: true, takesScreenshot: true, unexpectedAlertBehaviour: , unhandledPromptBehavior: , version: 79.0.3945.117, webStorageEnabled: true}Session ID: 54e6697ff2d85b60ea08bddb69b131c8*** Element info: {Using=xpath, value=//div[starts-with(@id,'grid_criteria_Fields_grid_row_') and text()='Add']}at org.openqa.selenium.remote.ErrorHandler.createThrowable(ErrorHandler.java:214)at org.openqa.selenium.remote.ErrorHandler.throwIfResponseFailed(ErrorHandler.java:166)at org.openqa.selenium.remote.http.JsonHttpResponseCodec.reconstructValue(JsonHttpResponseCodec.java:40)at org.openqa.selenium.remote.http.AbstractHttpResponseCodec.decode(AbstractHttpResponseCodec.java:80)at org.openqa.selenium.remote.http.AbstractHttpResponseCodec.decode(AbstractHttpResponseCodec.java:44)at org.openqa.selenium.remote.HttpCommandExecutor.execute(HttpCommandExecutor.java:158)at org.openqa.selenium.remote.service.DriverCommandExecutor.execute(DriverCommandExecutor.java:83)at org.openqa.selenium.remote.RemoteWebDriver.execute(RemoteWebDriver.java:552)at org.openqa.selenium.remote.RemoteWebDriver.findElement(RemoteWebDriver.java:323)at org.openqa.selenium.remote.RemoteWebDriver.findElementByXPath(RemoteWebDriver.java:428)at org.openqa.selenium.By$ByXPath.findElement(By.java:353)at org.openqa.selenium.remote.RemoteWebDriver.findElement(RemoteWebDriver.java:315)at com.projects.templates.testCases.TC_StoreTemplatesPageTest_002.validateStoreElementShopcomField(TC_StoreTemplatesPageTest_002.java:1172)... Removed 29 stack frames]]>
    </failure>
  </testcase> <!-- validateStoreElementShopcomField -->
  <testcase name="validateStoreElementTextField" time="0.0" classname="com.projects.templates.testCases.TC_StoreTemplatesPageTest_002">
    <ignored/>
  </testcase> <!-- validateStoreElementTextField -->
  <testcase name="validateStoreElementSignatureField" time="0.0" classname="com.projects.templates.testCases.TC_StoreTemplatesPageTest_002">
    <ignored/>
  </testcase> <!-- validateStoreElementSignatureField -->
  <testcase name="validateStoreElementListField" time="0.0" classname="com.projects.templates.testCases.TC_StoreTemplatesPageTest_002">
    <ignored/>
  </testcase> <!-- validateStoreElementListField -->
  <testcase name="validateStoreElementSingleScreenWrapperField" time="0.0" classname="com.projects.templates.testCases.TC_StoreTemplatesPageTest_002">
    <ignored/>
  </testcase> <!-- validateStoreElementSingleScreenWrapperField -->
  <testcase name="validateStoreElementHyperlinkField" time="0.0" classname="com.projects.templates.testCases.TC_StoreTemplatesPageTest_002">
    <ignored/>
  </testcase> <!-- validateStoreElementHyperlinkField -->
  <testcase name="validateStoreElementScanTypeField" time="0.0" classname="com.projects.templates.testCases.TC_StoreTemplatesPageTest_002">
    <ignored/>
  </testcase> <!-- validateStoreElementScanTypeField -->
  <testcase name="validateStoreElementCurrencyField" time="0.0" classname="com.projects.templates.testCases.TC_StoreTemplatesPageTest_002">
    <ignored/>
  </testcase> <!-- validateStoreElementCurrencyField -->
  <testcase name="validateStoreElementNumericField" time="0.0" classname="com.projects.templates.testCases.TC_StoreTemplatesPageTest_002">
    <ignored/>
  </testcase> <!-- validateStoreElementNumericField -->
  <testcase name="validateStoreElementFeatureLinkField" time="0.0" classname="com.projects.templates.testCases.TC_StoreTemplatesPageTest_002">
    <ignored/>
  </testcase> <!-- validateStoreElementFeatureLinkField -->
  <testcase name="validateStoreElementPictureField" time="0.0" classname="com.projects.templates.testCases.TC_StoreTemplatesPageTest_002">
    <ignored/>
  </testcase> <!-- validateStoreElementPictureField -->
  <testcase name="validateStoreElementExceptionField" time="0.0" classname="com.projects.templates.testCases.TC_StoreTemplatesPageTest_002">
    <ignored/>
  </testcase> <!-- validateStoreElementExceptionField -->
  <testcase name="validateStoreElementInstructionField" time="0.0" classname="com.projects.templates.testCases.TC_StoreTemplatesPageTest_002">
    <ignored/>
  </testcase> <!-- validateStoreElementInstructionField -->
  <testcase name="validateStoreElementDateField" time="0.0" classname="com.projects.templates.testCases.TC_StoreTemplatesPageTest_002">
    <ignored/>
  </testcase> <!-- validateStoreElementDateField -->
  <testcase name="validateStoreElementInLineAttachmentField" time="0.0" classname="com.projects.templates.testCases.TC_StoreTemplatesPageTest_002">
    <ignored/>
  </testcase> <!-- validateStoreElementInLineAttachmentField -->
  <testcase name="validateStoreElementLooseAttachmentField" time="0.0" classname="com.projects.templates.testCases.TC_StoreTemplatesPageTest_002">
    <ignored/>
  </testcase> <!-- validateStoreElementLooseAttachmentField -->
</testsuite> <!-- DashTest -->
