<?xml version="1.0" encoding="UTF-8"?>
<!-- Generated by org.testng.reporters.JUnitXMLReporter -->
<testsuite hostname="PF1QDEC8" ignored="12" name="Priority Test" tests="2" failures="1" timestamp="11 Dec 2019 15:45:29 GMT" time="14.859" errors="0">
  <testcase name="validateStoreElementNumericField" time="9.64" classname="com.projects.templates.testCases.TC_StoreTemplatesPageTest_002"/>
  <testcase name="validateStoreElementFeatureLinkField" time="0.001" classname="com.projects.templates.testCases.TC_StoreTemplatesPageTest_002">
    <failure type="org.openqa.selenium.NoSuchSessionException" message="Session ID is null. Using WebDriver after calling quit()?
Build info: version: &amp;apos;3.141.5&amp;apos;, revision: &amp;apos;d54ebd709a&amp;apos;, time: &amp;apos;2018-11-06T11:42:16&amp;apos;
System info: host: &amp;apos;PF1QDEC8&amp;apos;, ip: &amp;apos;10.99.97.35&amp;apos;, os.name: &amp;apos;Windows 10&amp;apos;, os.arch: &amp;apos;amd64&amp;apos;, os.version: &amp;apos;10.0&amp;apos;, java.version: &amp;apos;1.8.0_202&amp;apos;
Driver info: driver.version: RemoteWebDriver">
      <![CDATA[org.openqa.selenium.NoSuchSessionException: Session ID is null. Using WebDriver after calling quit()?Build info: version: '3.141.5', revision: 'd54ebd709a', time: '2018-11-06T11:42:16'System info: host: 'PF1QDEC8', ip: '10.99.97.35', os.name: 'Windows 10', os.arch: 'amd64', os.version: '10.0', java.version: '1.8.0_202'Driver info: driver.version: RemoteWebDriverat org.openqa.selenium.remote.HttpCommandExecutor.execute(HttpCommandExecutor.java:125)at org.openqa.selenium.remote.service.DriverCommandExecutor.execute(DriverCommandExecutor.java:83)at org.openqa.selenium.remote.RemoteWebDriver.execute(RemoteWebDriver.java:552)at org.openqa.selenium.remote.RemoteWebDriver.findElement(RemoteWebDriver.java:323)at org.openqa.selenium.remote.RemoteWebDriver.findElementByName(RemoteWebDriver.java:404)at org.openqa.selenium.By$ByName.findElement(By.java:284)at org.openqa.selenium.remote.RemoteWebDriver.findElement(RemoteWebDriver.java:315)at org.openqa.selenium.support.pagefactory.DefaultElementLocator.findElement(DefaultElementLocator.java:69)at org.openqa.selenium.support.pagefactory.internal.LocatingElementHandler.invoke(LocatingElementHandler.java:38)at com.sun.proxy.$Proxy13.sendKeys(Unknown Source)at com.dash2sell.pageObjects.LoginPage.setUserName(LoginPage.java:36)at com.projects.templates.testCases.TC_StoreTemplatesPageTest_002.validateStoreElementFeatureLinkField(TC_StoreTemplatesPageTest_002.java:381)... Removed 25 stack frames]]>
    </failure>
  </testcase> <!-- validateStoreElementFeatureLinkField -->
  <testcase name="validateStoreElementCurrencyField" time="0.0" classname="com.projects.templates.testCases.TC_StoreTemplatesPageTest_002">
    <ignored/>
  </testcase> <!-- validateStoreElementCurrencyField -->
  <testcase name="validateStoreElementPictureField" time="0.0" classname="com.projects.templates.testCases.TC_StoreTemplatesPageTest_002">
    <ignored/>
  </testcase> <!-- validateStoreElementPictureField -->
  <testcase name="validateStoreElementTextField" time="0.0" classname="com.projects.templates.testCases.TC_StoreTemplatesPageTest_002">
    <ignored/>
  </testcase> <!-- validateStoreElementTextField -->
  <testcase name="validateStoreElementExceptionField" time="0.0" classname="com.projects.templates.testCases.TC_StoreTemplatesPageTest_002">
    <ignored/>
  </testcase> <!-- validateStoreElementExceptionField -->
  <testcase name="validateStoreElementInstructionField" time="0.0" classname="com.projects.templates.testCases.TC_StoreTemplatesPageTest_002">
    <ignored/>
  </testcase> <!-- validateStoreElementInstructionField -->
  <testcase name="validateStoreElementSignatureField" time="0.0" classname="com.projects.templates.testCases.TC_StoreTemplatesPageTest_002">
    <ignored/>
  </testcase> <!-- validateStoreElementSignatureField -->
  <testcase name="validateStoreElementDateField" time="0.0" classname="com.projects.templates.testCases.TC_StoreTemplatesPageTest_002">
    <ignored/>
  </testcase> <!-- validateStoreElementDateField -->
  <testcase name="validateStoreElementListField" time="0.0" classname="com.projects.templates.testCases.TC_StoreTemplatesPageTest_002">
    <ignored/>
  </testcase> <!-- validateStoreElementListField -->
  <testcase name="validateStoreElementInLineAttachmentField" time="0.0" classname="com.projects.templates.testCases.TC_StoreTemplatesPageTest_002">
    <ignored/>
  </testcase> <!-- validateStoreElementInLineAttachmentField -->
  <testcase name="validateStoreElementLooseAttachmentField" time="0.0" classname="com.projects.templates.testCases.TC_StoreTemplatesPageTest_002">
    <ignored/>
  </testcase> <!-- validateStoreElementLooseAttachmentField -->
  <testcase name="validateStoreElementSingleScreenWrapperField" time="0.0" classname="com.projects.templates.testCases.TC_StoreTemplatesPageTest_002">
    <ignored/>
  </testcase> <!-- validateStoreElementSingleScreenWrapperField -->
  <testcase name="validateStoreElementScanTypeField" time="0.0" classname="com.projects.templates.testCases.TC_StoreTemplatesPageTest_002">
    <ignored/>
  </testcase> <!-- validateStoreElementScanTypeField -->
</testsuite> <!-- Priority Test -->
