<?xml version="1.0" encoding="UTF-8"?>
<testng-results skipped="0" failed="1" ignored="15" total="16" passed="0">
  <reporter-output>
    <line>
      <![CDATA[username ]]>
    </line>
    <line>
      <![CDATA[password]]>
    </line>
  </reporter-output>
  <suite name="DashManagement" duration-ms="43961" started-at="2020-01-15T20:30:30Z" finished-at="2020-01-15T20:31:14Z">
    <groups>
    </groups>
    <test name="DashTest" duration-ms="43961" started-at="2020-01-15T20:30:30Z" finished-at="2020-01-15T20:31:14Z">
      <class name="com.projects.templates.testCases.TC_StoreTemplatesPageTest_002">
        <test-method status="PASS" signature="extentSetup(org.testng.ITestContext)[pri:0, instance:com.projects.templates.testCases.TC_StoreTemplatesPageTest_002@598067a5]" name="extentSetup" is-config="true" duration-ms="101" started-at="2020-01-15T14:30:30Z" finished-at="2020-01-15T14:30:30Z">
          <params>
            <param index="0">
              <value>
                <![CDATA[org.testng.TestRunner@773cbf4f]]>
              </value>
            </param>
          </params>
          <reporter-output>
          </reporter-output>
        </test-method> <!-- extentSetup -->
        <test-method status="PASS" signature="setup(java.lang.String)[pri:0, instance:com.projects.templates.testCases.TC_StoreTemplatesPageTest_002@598067a5]" name="setup" is-config="true" duration-ms="4318" started-at="2020-01-15T14:30:30Z" finished-at="2020-01-15T14:30:34Z">
          <params>
            <param index="0">
              <value>
                <![CDATA[chrome]]>
              </value>
            </param>
          </params>
          <reporter-output>
          </reporter-output>
        </test-method> <!-- setup -->
        <test-method status="PASS" signature="startExtent(java.lang.reflect.Method, [Ljava.lang.Object;)[pri:0, instance:com.projects.templates.testCases.TC_StoreTemplatesPageTest_002@598067a5]" name="startExtent" is-config="true" duration-ms="6" started-at="2020-01-15T14:30:34Z" finished-at="2020-01-15T14:30:34Z">
          <params>
            <param index="0">
              <value>
                <![CDATA[public void com.projects.templates.testCases.TC_StoreTemplatesPageTest_002.validateStoreElementShopcomField() throws java.lang.Exception]]>
              </value>
            </param>
            <param index="1">
              <value>
                <![CDATA[[Ljava.lang.Object;@6ca0256d]]>
              </value>
            </param>
          </params>
          <reporter-output>
          </reporter-output>
        </test-method> <!-- startExtent -->
        <test-method status="FAIL" signature="validateStoreElementShopcomField()[pri:0, instance:com.projects.templates.testCases.TC_StoreTemplatesPageTest_002@598067a5]" name="validateStoreElementShopcomField" duration-ms="38793" started-at="2020-01-15T14:30:34Z" finished-at="2020-01-15T14:31:13Z">
          <exception class="org.openqa.selenium.NoSuchElementException">
            <message>
              <![CDATA[no such element: Unable to locate element: {"method":"xpath","selector":"//div[starts-with(@id,'grid_criteria_Fields_grid_row_') and text()='Add']"}  (Session info: chrome=79.0.3945.117)  (Driver info: chromedriver=2.43.600210 (68dcf5eebde37173d4027fa8635e332711d2874a),platform=Windows NT 10.0.17763 x86_64) (WARNING: The server did not provide any stacktrace information)Command duration or timeout: 0 millisecondsFor documentation on this error, please visit: http://seleniumhq.org/exceptions/no_such_element.htmlBuild info: version: '3.141.5', revision: 'd54ebd709a', time: '2018-11-06T11:42:16'System info: host: 'PF1QDEC8', ip: '10.99.97.124', os.name: 'Windows 10', os.arch: 'amd64', os.version: '10.0', java.version: '1.8.0_202'Driver info: org.openqa.selenium.chrome.ChromeDriverCapabilities {acceptInsecureCerts: false, acceptSslCerts: false, applicationCacheEnabled: false, browserConnectionEnabled: false, browserName: chrome, chrome: {chromedriverVersion: 2.43.600210 (68dcf5eebde371..., userDataDir: C:\Users\MOHAMM~1.PAR\AppDa...}, cssSelectorsEnabled: true, databaseEnabled: false, goog:chromeOptions: {debuggerAddress: localhost:50874}, handlesAlerts: true, hasTouchScreen: false, javascriptEnabled: true, locationContextEnabled: true, mobileEmulationEnabled: false, nativeEvents: true, networkConnectionEnabled: false, pageLoadStrategy: normal, platform: XP, platformName: XP, rotatable: false, setWindowRect: true, takesHeapSnapshot: true, takesScreenshot: true, unexpectedAlertBehaviour: , unhandledPromptBehavior: , version: 79.0.3945.117, webStorageEnabled: true}Session ID: 54e6697ff2d85b60ea08bddb69b131c8*** Element info: {Using=xpath, value=//div[starts-with(@id,'grid_criteria_Fields_grid_row_') and text()='Add']}]]>
            </message>
            <full-stacktrace>
              <![CDATA[org.openqa.selenium.NoSuchElementException: no such element: Unable to locate element: {"method":"xpath","selector":"//div[starts-with(@id,'grid_criteria_Fields_grid_row_') and text()='Add']"}  (Session info: chrome=79.0.3945.117)  (Driver info: chromedriver=2.43.600210 (68dcf5eebde37173d4027fa8635e332711d2874a),platform=Windows NT 10.0.17763 x86_64) (WARNING: The server did not provide any stacktrace information)Command duration or timeout: 0 millisecondsFor documentation on this error, please visit: http://seleniumhq.org/exceptions/no_such_element.htmlBuild info: version: '3.141.5', revision: 'd54ebd709a', time: '2018-11-06T11:42:16'System info: host: 'PF1QDEC8', ip: '10.99.97.124', os.name: 'Windows 10', os.arch: 'amd64', os.version: '10.0', java.version: '1.8.0_202'Driver info: org.openqa.selenium.chrome.ChromeDriverCapabilities {acceptInsecureCerts: false, acceptSslCerts: false, applicationCacheEnabled: false, browserConnectionEnabled: false, browserName: chrome, chrome: {chromedriverVersion: 2.43.600210 (68dcf5eebde371..., userDataDir: C:\Users\MOHAMM~1.PAR\AppDa...}, cssSelectorsEnabled: true, databaseEnabled: false, goog:chromeOptions: {debuggerAddress: localhost:50874}, handlesAlerts: true, hasTouchScreen: false, javascriptEnabled: true, locationContextEnabled: true, mobileEmulationEnabled: false, nativeEvents: true, networkConnectionEnabled: false, pageLoadStrategy: normal, platform: XP, platformName: XP, rotatable: false, setWindowRect: true, takesHeapSnapshot: true, takesScreenshot: true, unexpectedAlertBehaviour: , unhandledPromptBehavior: , version: 79.0.3945.117, webStorageEnabled: true}Session ID: 54e6697ff2d85b60ea08bddb69b131c8*** Element info: {Using=xpath, value=//div[starts-with(@id,'grid_criteria_Fields_grid_row_') and text()='Add']}at sun.reflect.NativeConstructorAccessorImpl.newInstance0(Native Method)at sun.reflect.NativeConstructorAccessorImpl.newInstance(NativeConstructorAccessorImpl.java:62)at sun.reflect.DelegatingConstructorAccessorImpl.newInstance(DelegatingConstructorAccessorImpl.java:45)at java.lang.reflect.Constructor.newInstance(Constructor.java:423)at org.openqa.selenium.remote.ErrorHandler.createThrowable(ErrorHandler.java:214)at org.openqa.selenium.remote.ErrorHandler.throwIfResponseFailed(ErrorHandler.java:166)at org.openqa.selenium.remote.http.JsonHttpResponseCodec.reconstructValue(JsonHttpResponseCodec.java:40)at org.openqa.selenium.remote.http.AbstractHttpResponseCodec.decode(AbstractHttpResponseCodec.java:80)at org.openqa.selenium.remote.http.AbstractHttpResponseCodec.decode(AbstractHttpResponseCodec.java:44)at org.openqa.selenium.remote.HttpCommandExecutor.execute(HttpCommandExecutor.java:158)at org.openqa.selenium.remote.service.DriverCommandExecutor.execute(DriverCommandExecutor.java:83)at org.openqa.selenium.remote.RemoteWebDriver.execute(RemoteWebDriver.java:552)at org.openqa.selenium.remote.RemoteWebDriver.findElement(RemoteWebDriver.java:323)at org.openqa.selenium.remote.RemoteWebDriver.findElementByXPath(RemoteWebDriver.java:428)at org.openqa.selenium.By$ByXPath.findElement(By.java:353)at org.openqa.selenium.remote.RemoteWebDriver.findElement(RemoteWebDriver.java:315)at com.projects.templates.testCases.TC_StoreTemplatesPageTest_002.validateStoreElementShopcomField(TC_StoreTemplatesPageTest_002.java:1172)at sun.reflect.NativeMethodAccessorImpl.invoke0(Native Method)at sun.reflect.NativeMethodAccessorImpl.invoke(NativeMethodAccessorImpl.java:62)at sun.reflect.DelegatingMethodAccessorImpl.invoke(DelegatingMethodAccessorImpl.java:43)at java.lang.reflect.Method.invoke(Method.java:498)at org.testng.internal.MethodInvocationHelper.invokeMethod(MethodInvocationHelper.java:124)at org.testng.internal.Invoker.invokeMethod(Invoker.java:571)at org.testng.internal.Invoker.invokeTestMethod(Invoker.java:707)at org.testng.internal.Invoker.invokeTestMethods(Invoker.java:979)at org.testng.internal.TestMethodWorker.invokeTestMethods(TestMethodWorker.java:125)at org.testng.internal.TestMethodWorker.run(TestMethodWorker.java:109)at org.testng.TestRunner.privateRun(TestRunner.java:648)at org.testng.TestRunner.run(TestRunner.java:505)at org.testng.SuiteRunner.runTest(SuiteRunner.java:455)at org.testng.SuiteRunner.runSequentially(SuiteRunner.java:450)at org.testng.SuiteRunner.privateRun(SuiteRunner.java:415)at org.testng.SuiteRunner.run(SuiteRunner.java:364)at org.testng.SuiteRunnerWorker.runSuite(SuiteRunnerWorker.java:52)at org.testng.SuiteRunnerWorker.run(SuiteRunnerWorker.java:84)at org.testng.TestNG.runSuitesSequentially(TestNG.java:1187)at org.testng.TestNG.runSuitesLocally(TestNG.java:1116)at org.testng.TestNG.runSuites(TestNG.java:1028)at org.testng.TestNG.run(TestNG.java:996)at org.testng.remote.AbstractRemoteTestNG.run(AbstractRemoteTestNG.java:114)at org.testng.remote.RemoteTestNG.initAndRun(RemoteTestNG.java:251)at org.testng.remote.RemoteTestNG.main(RemoteTestNG.java:77)]]>
            </full-stacktrace>
          </exception> <!-- org.openqa.selenium.NoSuchElementException -->
          <reporter-output>
            <line>
              <![CDATA[username ]]>
            </line>
            <line>
              <![CDATA[password]]>
            </line>
          </reporter-output>
        </test-method> <!-- validateStoreElementShopcomField -->
        <test-method status="PASS" signature="afterEachTestMethod(org.testng.ITestResult)[pri:0, instance:com.projects.templates.testCases.TC_StoreTemplatesPageTest_002@598067a5]" name="afterEachTestMethod" is-config="true" duration-ms="832" started-at="2020-01-15T14:31:13Z" finished-at="2020-01-15T14:31:14Z">
          <params>
            <param index="0">
              <value>
                <![CDATA[[TestResult name=validateStoreElementShopcomField status=FAILURE method=TC_StoreTemplatesPageTest_002.validateStoreElementShopcomField()[pri:0, instance:com.projects.templates.testCases.TC_StoreTemplatesPageTest_002@598067a5] output=username ]]]>
              </value>
            </param>
          </params>
          <reporter-output>
          </reporter-output>
        </test-method> <!-- afterEachTestMethod -->
        <test-method status="PASS" signature="generateReport()[pri:0, instance:com.projects.templates.testCases.TC_StoreTemplatesPageTest_002@598067a5]" name="generateReport" is-config="true" duration-ms="19" started-at="2020-01-15T14:31:14Z" finished-at="2020-01-15T14:31:14Z">
          <reporter-output>
          </reporter-output>
        </test-method> <!-- generateReport -->
      </class> <!-- com.projects.templates.testCases.TC_StoreTemplatesPageTest_002 -->
    </test> <!-- DashTest -->
  </suite> <!-- DashManagement -->
</testng-results>
